[debug] [2017-12-12T05:26:36.353Z] ----------------------------------------------------------------------
[debug] [2017-12-12T05:26:36.356Z] Command:       /usr/local/bin/node /usr/local/bin/firebase deploy
[debug] [2017-12-12T05:26:36.356Z] CLI Version:   3.13.1
[debug] [2017-12-12T05:26:36.356Z] Platform:      darwin
[debug] [2017-12-12T05:26:36.356Z] Node Version:  v8.6.0
[debug] [2017-12-12T05:26:36.356Z] Time:          Mon Dec 11 2017 22:26:36 GMT-0700 (MST)
[debug] [2017-12-12T05:26:36.356Z] ----------------------------------------------------------------------
[debug] 
[debug] [2017-12-12T05:26:36.367Z] > command requires scopes: ["email","openid","https://www.googleapis.com/auth/cloudplatformprojects.readonly","https://www.googleapis.com/auth/firebase","https://www.googleapis.com/auth/cloud-platform"]
[debug] [2017-12-12T05:26:36.367Z] > authorizing via signed-in user
[debug] [2017-12-12T05:26:36.369Z] >>> HTTP REQUEST GET https://admin.firebase.com/v1/projects/jupyter-675e3  
 Mon Dec 11 2017 22:26:36 GMT-0700 (MST)
[debug] [2017-12-12T05:26:37.427Z] <<< HTTP RESPONSE 200
[debug] [2017-12-12T05:26:37.428Z] >>> HTTP REQUEST GET https://admin.firebase.com/v1/database/jupyter-675e3/tokens  
 Mon Dec 11 2017 22:26:37 GMT-0700 (MST)
[debug] [2017-12-12T05:26:38.645Z] <<< HTTP RESPONSE 200
[info] 1
[info] 
[info] === Deploying to 'jupyter-675e3'...
[info] 
[info] i  deploying functions
[debug] [2017-12-12T05:26:39.677Z] > [functions] package.json contents: {
  "name": "Jupytangular",
  "description": "Automation Notebooks in Jupyter",
  "license": "UNLICENSED",
  "scripts": {
    "preinstall": "apt-get install libcairo2-dev libjpeg8-dev libpango1.0-dev libgif-dev build-essential g++",
    "postinstall": "selenium-standalone install",
    "start": "ng serve --host 0.0.0.0 --port 9090 --app 0",
    "build": "ng build --prod --environment=prod --aot --app 0",
    "selenium": "selenium-standalone start"
  },
  "engines": {
    "node": ">= 8",
    "npm": ">= 4"
  },
  "repository": {
    "type": "git",
    "url": "git+https://github.com/megamindbrian/jupytangular.git"
  },
  "dependencies": {
    "@angular/cli": "^1.6.0",
    "@google/maps": "^0.4.5",
    "JSONStream": "^1.3.1",
    "bluebird": "^3.5.1",
    "body-parser": "^1.18.2",
    "chai": "^4.1.2",
    "chromedriver": "^2.33.2",
    "chrono-node": "^1.3.5",
    "cors": "^2.8.4",
    "d3-cloud": "^1.2.4",
    "d3-node": "^1.1.2",
    "daemon": "^1.1.0",
    "diff": "^3.4.0",
    "fibers": "^2.0.0",
    "firebase-admin": "^5.5.1",
    "firebase-functions": "^0.7.3",
    "fuse.js": "^3.2.0",
    "glob": "^7.1.2",
    "google-auth-library": "^0.10.0",
    "googleapis": "^20.2.0",
    "gulp": "github:gulpjs/gulp#4.0",
    "gulp-clean": "^0.3.2",
    "gulp-copy": "^1.0.1",
    "gulp-replace": "^0.6.1",
    "gulp-run": "^1.7.1",
    "gulp-tap": "^1.0.1",
    "gulp-watch": "^4.3.11",
    "imap-simple": "^3.2.0",
    "jsdom": "^11.5.1",
    "jsonpath": "^1.0.0",
    "lockfile": "^1.0.3",
    "memory-fs": "git+https://github.com/webpack/memory-fs.git",
    "mocha": "^4.0.1",
    "mock-require": "^2.0.2",
    "ncp": "^2.0.0",
    "nodemailer": "^4.4.1",
    "npm": "^5.6.0",
    "prismjs": "^1.9.0",
    "renamer": "^0.6.1",
    "request": "^2.83.0",
    "rewire": "^2.5.2",
    "rimraf": "^2.6.2",
    "selenium-standalone": "^6.12.0",
    "socket.io": "^2.0.4",
    "socket.io-client": "^2.0.4",
    "synchronize": "^2.0.0",
    "typescript": "^2.6.2",
    "underscore": "^1.8.3",
    "underscore.string": "^3.3.4",
    "wdio": "^1.0.3",
    "wdio-chromedriver-service": "^0.1.1",
    "wdio-mocha-framework": "^0.5.11",
    "wdio-selenium-standalone-service": "^0.0.9",
    "wdio-sync": "^0.6.14",
    "webdriverio": "^4.9.11",
    "xlsx": "^0.11.12",
    "xregexp": "^3.2.0"
  }
}
[info] i  functions: ensuring necessary APIs are enabled...
[info] i  runtimeconfig: ensuring necessary APIs are enabled...
[debug] [2017-12-12T05:26:39.678Z] >>> HTTP REQUEST GET https://servicemanagement.googleapis.com/v1/services/cloudfunctions.googleapis.com/projectSettings/jupyter-675e3?view=CONSUMER_VIEW  
 Mon Dec 11 2017 22:26:39 GMT-0700 (MST)
[debug] [2017-12-12T05:26:39.678Z] >>> HTTP REQUEST GET https://servicemanagement.googleapis.com/v1/services/runtimeconfig.googleapis.com/projectSettings/jupyter-675e3?view=CONSUMER_VIEW  
 Mon Dec 11 2017 22:26:39 GMT-0700 (MST)
[debug] [2017-12-12T05:26:41.144Z] <<< HTTP RESPONSE 200
[info] ✔  runtimeconfig: all necessary APIs are enabled
[debug] [2017-12-12T05:26:41.186Z] <<< HTTP RESPONSE 200
[info] ✔  functions: all necessary APIs are enabled
[debug] [2017-12-12T05:26:41.186Z] >>> HTTP REQUEST GET https://appengine.googleapis.com/v1/apps/jupyter-675e3  
 Mon Dec 11 2017 22:26:41 GMT-0700 (MST)
[debug] [2017-12-12T05:26:41.187Z] >>> HTTP REQUEST GET https://apikeys.googleapis.com/v1/projects/jupyter-675e3/apiKeys  
 Mon Dec 11 2017 22:26:41 GMT-0700 (MST)
[debug] [2017-12-12T05:26:41.609Z] <<< HTTP RESPONSE 200
[debug] [2017-12-12T05:26:41.768Z] <<< HTTP RESPONSE 200
