0 info it worked if it ends with ok
1 verbose cli [ 'C:\\Program Files\\nodejs\\node.exe',
1 verbose cli   'C:\\Program Files\\nodejs\\node_modules\\npm\\bin\\npm-cli.js',
1 verbose cli   'run',
1 verbose cli   'build' ]
2 info using npm@4.1.2
3 info using node@v7.7.2
4 verbose run-script [ 'prebuild', 'build', 'postbuild' ]
5 info lifecycle jupytangular2@~prebuild: jupytangular2@
6 silly lifecycle jupytangular2@~prebuild: no script for prebuild, continuing
7 info lifecycle jupytangular2@~build: jupytangular2@
8 verbose lifecycle jupytangular2@~build: unsafe-perm in lifecycle true
9 verbose lifecycle jupytangular2@~build: PATH: C:\Program Files\nodejs\node_modules\npm\bin\node-gyp-bin;C:\Users\brian.cullinan\Documents\jupytangular2\node_modules\.bin;C:\Program Files\Docker\Docker\Resources\bin;C:\Program Files\Microsoft MPI\Bin\;C:\Windows\system32;C:\Windows;C:\Windows\System32\Wbem;C:\Windows\System32\WindowsPowerShell\v1.0\;C:\Program Files\Microsoft SQL Server\130\Tools\Binn\;C:\Program Files (x86)\Microsoft SQL Server\130\Tools\Binn\;C:\Program Files (x86)\Microsoft SQL Server\130\DTS\Binn\;C:\Program Files\Microsoft SQL Server\130\DTS\Binn\;C:\Program Files\Microsoft SQL Server\Client SDK\ODBC\130\Tools\Binn\;C:\Program Files (x86)\Microsoft SQL Server\Client SDK\ODBC\130\Tools\Binn\;C:\Program Files (x86)\Microsoft SQL Server\130\Tools\Binn\ManagementStudio\;C:\Program Files (x86)\Skype\Phone\;C:\Program Files (x86)\Windows Kits\10\Windows Performance Toolkit\;C:\Program Files\dotnet\;C:\Program Files (x86)\GtkSharp\2.12\bin;C:\Program Files\TortoiseSVN\bin;C:\Program Files\nodejs\;C:\Program Files\TortoiseGit\bin;C:\Program Files (x86)\dotnet\;C:\Program Files\Amazon\AWSCLI\;C:\Program Files\Git\cmd;C:\ProgramData\Anaconda3;C:\ProgramData\Anaconda3\Scripts;C:\ProgramData\Anaconda3\Library\bin;C:\Program Files (x86)\Windows Kits\8.1\Windows Performance Toolkit\;C:\Users\brian.cullinan\AppData\Local\Programs\Python\Python36-32\Scripts\;C:\Users\brian.cullinan\AppData\Local\Programs\Python\Python36-32\;C:\Users\brian.cullinan\AppData\Local\Microsoft\WindowsApps;C:\Users\brian.cullinan\AppData\Roaming\npm;C:\Program Files (x86)\Microsoft VS Code\bin
10 verbose lifecycle jupytangular2@~build: CWD: C:\Users\brian.cullinan\Documents\jupytangular2
11 silly lifecycle jupytangular2@~build: Args: [ '/d /s /c',
11 silly lifecycle   'webpack --display-error-details --config webpack.config.js --progress --profile --bail' ]
12 silly lifecycle jupytangular2@~build: Returned: code: 1  signal: null
13 info lifecycle jupytangular2@~build: Failed to exec build script
14 verbose stack Error: jupytangular2@ build: `webpack --display-error-details --config webpack.config.js --progress --profile --bail`
14 verbose stack Exit status 1
14 verbose stack     at EventEmitter.<anonymous> (C:\Program Files\nodejs\node_modules\npm\lib\utils\lifecycle.js:279:16)
14 verbose stack     at emitTwo (events.js:106:13)
14 verbose stack     at EventEmitter.emit (events.js:194:7)
14 verbose stack     at ChildProcess.<anonymous> (C:\Program Files\nodejs\node_modules\npm\lib\utils\spawn.js:40:14)
14 verbose stack     at emitTwo (events.js:106:13)
14 verbose stack     at ChildProcess.emit (events.js:194:7)
14 verbose stack     at maybeClose (internal/child_process.js:899:16)
14 verbose stack     at Process.ChildProcess._handle.onexit (internal/child_process.js:226:5)
15 verbose pkgid jupytangular2@
16 verbose cwd C:\Users\brian.cullinan\Documents\jupytangular2
17 error Windows_NT 10.0.14393
18 error argv "C:\\Program Files\\nodejs\\node.exe" "C:\\Program Files\\nodejs\\node_modules\\npm\\bin\\npm-cli.js" "run" "build"
19 error node v7.7.2
20 error npm  v4.1.2
21 error code ELIFECYCLE
22 error jupytangular2@ build: `webpack --display-error-details --config webpack.config.js --progress --profile --bail`
22 error Exit status 1
23 error Failed at the jupytangular2@ build script 'webpack --display-error-details --config webpack.config.js --progress --profile --bail'.
23 error Make sure you have the latest version of node.js and npm installed.
23 error If you do, this is most likely a problem with the jupytangular2 package,
23 error not with npm itself.
23 error Tell the author that this fails on your system:
23 error     webpack --display-error-details --config webpack.config.js --progress --profile --bail
23 error You can get information on how to open an issue for this project with:
23 error     npm bugs jupytangular2
23 error Or if that isn't available, you can get their info via:
23 error     npm owner ls jupytangular2
23 error There is likely additional logging output above.
24 verbose exit [ 1, true ]
