0 info it worked if it ends with ok
1 verbose cli [ '/opt/conda/bin/node',
1 verbose cli   '/opt/conda/bin/npm',
1 verbose cli   'install',
1 verbose cli   '--prefix',
1 verbose cli   './notebooks/act.ecommerce' ]
2 info using npm@3.10.10
3 info using node@v6.10.2
4 silly loadCurrentTree Starting
5 silly install loadCurrentTree
6 silly install readLocalPackageData
7 silly install normalizeTree
8 silly loadCurrentTree Finishing
9 silly loadIdealTree Starting
10 silly install loadIdealTree
11 silly cloneCurrentTree Starting
12 silly install cloneCurrentTreeToIdealTree
13 silly cloneCurrentTree Finishing
14 silly loadShrinkwrap Starting
15 silly install loadShrinkwrap
16 silly loadShrinkwrap Finishing
17 silly loadAllDepsIntoIdealTree Starting
18 silly install loadAllDepsIntoIdealTree
19 silly loadAllDepsIntoIdealTree Finishing
20 silly loadIdealTree Finishing
21 silly currentTree act.ecommerce
22 silly idealTree act.ecommerce
23 silly generateActionsToTake Starting
24 silly install generateActionsToTake
25 silly generateActionsToTake Finishing
26 silly diffTrees action count 0
27 silly decomposeActions action count 0
28 silly runTopLevelLifecycles Starting
29 silly install runPreinstallTopLevelLifecycles
30 silly preinstall act.ecommerce /home/jovyan/notebooks/notebooks/act.ecommerce/act.ecommerce-d169ac86
31 info lifecycle undefined~preinstall: undefined
32 silly lifecycle undefined~preinstall: no script for preinstall, continuing
33 silly executeActions Starting
34 silly install executeActions
35 silly doSerial global-install 0
36 silly doParallel fetch 0
37 verbose correctMkdir /home/jovyan/.npm/_locks correctMkdir not in flight; initializing
38 warn locking Error: EACCES: permission denied, open '/home/jovyan/.npm/_locks/staging-0f9055afaa81476f.lock'
38 warn locking     at Error (native)
38 warn locking  /home/jovyan/.npm/_locks/staging-0f9055afaa81476f.lock failed { Error: EACCES: permission denied, open '/home/jovyan/.npm/_locks/staging-0f9055afaa81476f.lock'
38 warn locking     at Error (native)
38 warn locking   errno: -13,
38 warn locking   code: 'EACCES',
38 warn locking   syscall: 'open',
38 warn locking   path: '/home/jovyan/.npm/_locks/staging-0f9055afaa81476f.lock' }
39 silly rollbackFailedOptional Starting
40 silly rollbackFailedOptional Finishing
41 silly runTopLevelLifecycles Finishing
42 silly install printInstalled
43 warn enoent ENOENT: no such file or directory, open '/home/jovyan/notebooks/notebooks/act.ecommerce/package.json'
44 verbose enoent ENOENT: no such file or directory, open '/home/jovyan/notebooks/notebooks/act.ecommerce/package.json'
44 verbose enoent This is most likely not a problem with npm itself
44 verbose enoent and is related to npm not being able to find a file.
45 warn act.ecommerce No description
46 verbose If you need help, you may report this error at:
46 verbose     <https://github.com/npm/npm/issues>
47 warn act.ecommerce No repository field.
48 verbose If you need help, you may report this error at:
48 verbose     <https://github.com/npm/npm/issues>
49 warn act.ecommerce No README data
50 verbose If you need help, you may report this error at:
50 verbose     <https://github.com/npm/npm/issues>
51 warn act.ecommerce No license field.
52 verbose If you need help, you may report this error at:
52 verbose     <https://github.com/npm/npm/issues>
53 verbose stack Error: EACCES: permission denied, open '/home/jovyan/.npm/_locks/staging-0f9055afaa81476f.lock'
53 verbose stack     at Error (native)
54 verbose cwd /home/jovyan/notebooks
55 error Linux 4.9.27-moby
56 error argv "/opt/conda/bin/node" "/opt/conda/bin/npm" "install" "--prefix" "./notebooks/act.ecommerce"
57 error node v6.10.2
58 error npm  v3.10.10
59 error path /home/jovyan/.npm/_locks/staging-0f9055afaa81476f.lock
60 error code EACCES
61 error errno -13
62 error syscall open
63 error Error: EACCES: permission denied, open '/home/jovyan/.npm/_locks/staging-0f9055afaa81476f.lock'
63 error     at Error (native)
63 error  { Error: EACCES: permission denied, open '/home/jovyan/.npm/_locks/staging-0f9055afaa81476f.lock'
63 error     at Error (native)
63 error   errno: -13,
63 error   code: 'EACCES',
63 error   syscall: 'open',
63 error   path: '/home/jovyan/.npm/_locks/staging-0f9055afaa81476f.lock' }
64 error Please try running this command again as root/Administrator.
65 verbose exit [ -13, true ]
